#
# There is insufficient memory for the Java Runtime Environment to continue.
# Native memory allocation (malloc) failed to allocate 343136 bytes. Error detail: Chunk::new
# Possible reasons:
#   The system is out of physical RAM or swap space
#   This process is running with CompressedOops enabled, and the Java Heap may be blocking the growth of the native heap
# Possible solutions:
#   Reduce memory load on the system
#   Increase physical memory or swap space
#   Check if swap backing store is full
#   Decrease Java heap size (-Xmx/-Xms)
#   Decrease number of Java threads
#   Decrease Java thread stack sizes (-Xss)
#   Set larger code cache with -XX:ReservedCodeCacheSize=
#   JVM is running with Unscaled Compressed Oops mode in which the Java heap is
#     placed in the first 4GB address space. The Java Heap base address is the
#     maximum limit for the native heap growth. Please use -XX:HeapBaseMinAddress
#     to set the Java Heap base and to place the Java Heap above 4GB virtual address.
# This output file may be truncated or incomplete.
#
#  Out of Memory Error (arena.cpp:168), pid=20016, tid=23600
#
# JRE version: OpenJDK Runtime Environment (21.0.9) (build 21.0.9+-14787801-b1163.94)
# Java VM: OpenJDK 64-Bit Server VM (21.0.9+-14787801-b1163.94, mixed mode, tiered, compressed oops, compressed class ptrs, g1 gc, windows-amd64)
# No core dump will be written. Minidumps are not enabled by default on client versions of Windows
#

---------------  S U M M A R Y ------------

Command Line: --add-opens=java.base/java.lang=ALL-UNNAMED --add-opens=java.base/java.lang.invoke=ALL-UNNAMED --add-opens=java.base/java.util=ALL-UNNAMED --add-opens=java.prefs/java.util.prefs=ALL-UNNAMED --add-exports=jdk.compiler/com.sun.tools.javac.api=ALL-UNNAMED --add-exports=jdk.compiler/com.sun.tools.javac.util=ALL-UNNAMED --add-opens=java.base/java.util=ALL-UNNAMED --add-opens=java.prefs/java.util.prefs=ALL-UNNAMED --add-opens=java.base/java.nio.charset=ALL-UNNAMED --add-opens=java.base/java.net=ALL-UNNAMED --add-opens=java.base/java.util.concurrent=ALL-UNNAMED --add-opens=java.base/java.util.concurrent.atomic=ALL-UNNAMED --add-opens=java.xml/javax.xml.namespace=ALL-UNNAMED -Xmx2048m -Dfile.encoding=UTF-8 -Duser.country=IN -Duser.language=en -Duser.variant -javaagent:E:\.gradle\wrapper\dists\gradle-9.0.0-bin\d6wjpkvcgsg3oed0qlfss3wgl\gradle-9.0.0\lib\agents\gradle-instrumentation-agent-9.0.0.jar org.gradle.launcher.daemon.bootstrap.GradleDaemon 9.0.0

Host: Intel(R) Core(TM) i5-10300H CPU @ 2.50GHz, 8 cores, 7G,  Windows 11 , 64 bit Build 26100 (10.0.26100.8328)
Time: Wed May  6 10:31:03 2026 India Standard Time elapsed time: 97.461264 seconds (0d 0h 1m 37s)

---------------  T H R E A D  ---------------

Current thread (0x0000027826093160):  JavaThread "C2 CompilerThread0" daemon [_thread_in_native, id=23600, stack(0x000000fb73c00000,0x000000fb73d00000) (1024K)]


Current CompileTask:
C2:97461 7728       4       groovy.lang.MetaClassImpl::addMetaMethodToIndex (65 bytes)

Stack: [0x000000fb73c00000,0x000000fb73d00000]
Native frames: (J=compiled Java code, j=interpreted, Vv=VM code, C=native code)
V  [jvm.dll+0x6d6c99]
V  [jvm.dll+0x866b83]
V  [jvm.dll+0x8691ae]
V  [jvm.dll+0x869893]
V  [jvm.dll+0x280776]
V  [jvm.dll+0xc07cd]
V  [jvm.dll+0xc0d03]
V  [jvm.dll+0x2f5a10]
V  [jvm.dll+0x5ff9a9]
V  [jvm.dll+0x252572]
V  [jvm.dll+0x24ae1a]
V  [jvm.dll+0x24892e]
V  [jvm.dll+0x1c7344]
V  [jvm.dll+0x2581ae]
V  [jvm.dll+0x2566f6]
V  [jvm.dll+0x3f48a6]
V  [jvm.dll+0x80f118]
V  [jvm.dll+0x6d54ed]
C  [ucrtbase.dll+0x37b0]
C  [KERNEL32.DLL+0x2e957]
C  [ntdll.dll+0x427c]


---------------  P R O C E S S  ---------------

Threads class SMR info:
_java_thread_list=0x0000027821a9c400, length=61, elements={
0x000002780a59b410, 0x0000027826084f10, 0x00000278260a94d0, 0x00000278260a9f30,
0x00000278260ac9a0, 0x00000278260ad400, 0x0000027826091970, 0x00000278260923d0,
0x0000027826093160, 0x00000278260be200, 0x0000027826455a60, 0x0000027827f31060,
0x0000027827d36de0, 0x000002782713e6f0, 0x0000027826611e60, 0x0000027827c7e570,
0x0000027826da94a0, 0x0000027827c2eb30, 0x0000027827483680, 0x00000278274843a0,
0x0000027827483d10, 0x00000278274850c0, 0x0000027827486470, 0x0000027827485750,
0x000002782929d820, 0x000002782929cb00, 0x000002782929deb0, 0x000002782929f8f0,
0x000002782929e540, 0x000002782929ebd0, 0x000002782929f260, 0x000002782929ff80,
0x000002782929b790, 0x0000027829299d50, 0x0000027829299030, 0x000002782929be20,
0x000002782929a3e0, 0x00000278292989a0, 0x00000278292996c0, 0x000002782ae20560,
0x000002782ae20bf0, 0x000002782ae22cc0, 0x000002782ae23350, 0x000002782ae24070,
0x000002782ae24700, 0x000002782ae239e0, 0x000002782ae21280, 0x000002782ae22630,
0x000002782ae24d90, 0x000002782ae21910, 0x000002782ae25420, 0x000002782ae21fa0,
0x000002782ae25ab0, 0x000002782ae267d0, 0x000002782ae26140, 0x000002782ae26e60,
0x000002782ae274f0, 0x000002782ae27b80, 0x00000278287dc4f0, 0x00000278287dd210,
0x00000278287dcb80
}

Java Threads: ( => current thread )
  0x000002780a59b410 JavaThread "main"                              [_thread_blocked, id=18396, stack(0x000000fb72c00000,0x000000fb72d00000) (1024K)]
  0x0000027826084f10 JavaThread "Common-Cleaner"             daemon [_thread_blocked, id=336, stack(0x000000fb73500000,0x000000fb73600000) (1024K)]
  0x00000278260a94d0 JavaThread "Reference Handler"          daemon [_thread_blocked, id=21376, stack(0x000000fb73600000,0x000000fb73700000) (1024K)]
  0x00000278260a9f30 JavaThread "Finalizer"                  daemon [_thread_blocked, id=13368, stack(0x000000fb73700000,0x000000fb73800000) (1024K)]
  0x00000278260ac9a0 JavaThread "Signal Dispatcher"          daemon [_thread_blocked, id=9644, stack(0x000000fb73800000,0x000000fb73900000) (1024K)]
  0x00000278260ad400 JavaThread "Attach Listener"            daemon [_thread_blocked, id=11848, stack(0x000000fb73900000,0x000000fb73a00000) (1024K)]
  0x0000027826091970 JavaThread "Service Thread"             daemon [_thread_blocked, id=22096, stack(0x000000fb73a00000,0x000000fb73b00000) (1024K)]
  0x00000278260923d0 JavaThread "Monitor Deflation Thread"   daemon [_thread_blocked, id=5808, stack(0x000000fb73b00000,0x000000fb73c00000) (1024K)]
=>0x0000027826093160 JavaThread "C2 CompilerThread0"         daemon [_thread_in_native, id=23600, stack(0x000000fb73c00000,0x000000fb73d00000) (1024K)]
  0x00000278260be200 JavaThread "C1 CompilerThread0"         daemon [_thread_blocked, id=23924, stack(0x000000fb73d00000,0x000000fb73e00000) (1024K)]
  0x0000027826455a60 JavaThread "Notification Thread"        daemon [_thread_blocked, id=4508, stack(0x000000fb73e00000,0x000000fb73f00000) (1024K)]
  0x0000027827f31060 JavaThread "Daemon health stats"               [_thread_blocked, id=27508, stack(0x000000fb74100000,0x000000fb74200000) (1024K)]
  0x0000027827d36de0 JavaThread "Incoming local TCP Connector on port 49478"        [_thread_in_native, id=26272, stack(0x000000fb74400000,0x000000fb74500000) (1024K)]
  0x000002782713e6f0 JavaThread "Daemon periodic checks"            [_thread_blocked, id=24752, stack(0x000000fb74500000,0x000000fb74600000) (1024K)]
  0x0000027826611e60 JavaThread "Daemon"                            [_thread_blocked, id=20700, stack(0x000000fb72900000,0x000000fb72a00000) (1024K)]
  0x0000027827c7e570 JavaThread "Handler for socket connection from /127.0.0.1:49478 to /127.0.0.1:49481"        [_thread_in_native, id=2932, stack(0x000000fb72b00000,0x000000fb72c00000) (1024K)]
  0x0000027826da94a0 JavaThread "Cancel handler"                    [_thread_blocked, id=352, stack(0x000000fb74600000,0x000000fb74700000) (1024K)]
  0x0000027827c2eb30 JavaThread "Daemon worker"                     [_thread_in_native, id=18360, stack(0x000000fb74700000,0x000000fb74800000) (1024K)]
  0x0000027827483680 JavaThread "Asynchronous log dispatcher for DefaultDaemonConnection: socket connection from /127.0.0.1:49478 to /127.0.0.1:49481"        [_thread_blocked, id=9792, stack(0x000000fb74900000,0x000000fb74a00000) (1024K)]
  0x00000278274843a0 JavaThread "Stdin handler"                     [_thread_blocked, id=20640, stack(0x000000fb74a00000,0x000000fb74b00000) (1024K)]
  0x0000027827483d10 JavaThread "Daemon client event forwarder"        [_thread_blocked, id=26256, stack(0x000000fb74b00000,0x000000fb74c00000) (1024K)]
  0x00000278274850c0 JavaThread "Cache worker for journal cache (E:\.gradle\caches\journal-1)"        [_thread_blocked, id=3996, stack(0x000000fb74800000,0x000000fb74900000) (1024K)]
  0x0000027827486470 JavaThread "File lock request listener"        [_thread_in_native, id=11308, stack(0x000000fb75000000,0x000000fb75100000) (1024K)]
  0x0000027827485750 JavaThread "Cache worker for file hash cache (E:\.gradle\caches\9.0.0\fileHashes)"        [_thread_blocked, id=8380, stack(0x000000fb75100000,0x000000fb75200000) (1024K)]
  0x000002782929d820 JavaThread "Cache worker for file hash cache (C:\Users\Sagar\OneDrive\Desktop\ArogyaNidhi\.gradle\9.0.0\fileHashes)"        [_thread_blocked, id=13780, stack(0x000000fb75200000,0x000000fb75300000) (1024K)]
  0x000002782929cb00 JavaThread "Cache worker for Build Output Cleanup Cache (C:\Users\Sagar\OneDrive\Desktop\ArogyaNidhi\.gradle\buildOutputCleanup)"        [_thread_blocked, id=25852, stack(0x000000fb75300000,0x000000fb75400000) (1024K)]
  0x000002782929deb0 JavaThread "File watcher server"        daemon [_thread_in_native, id=27832, stack(0x000000fb75400000,0x000000fb75500000) (1024K)]
  0x000002782929f8f0 JavaThread "File watcher consumer"      daemon [_thread_blocked, id=28596, stack(0x000000fb75500000,0x000000fb75600000) (1024K)]
  0x000002782929e540 JavaThread "Cache worker for checksums cache (C:\Users\Sagar\OneDrive\Desktop\ArogyaNidhi\.gradle\9.0.0\checksums)"        [_thread_blocked, id=7484, stack(0x000000fb75600000,0x000000fb75700000) (1024K)]
  0x000002782929ebd0 JavaThread "Cache worker for file content cache (E:\.gradle\caches\9.0.0\fileContent)"        [_thread_blocked, id=26340, stack(0x000000fb75700000,0x000000fb75800000) (1024K)]
  0x000002782929f260 JavaThread "Cache worker for cache directory md-supplier (E:\.gradle\caches\9.0.0\md-supplier)"        [_thread_blocked, id=4024, stack(0x000000fb75800000,0x000000fb75900000) (1024K)]
  0x000002782929ff80 JavaThread "Cache worker for cache directory md-rule (E:\.gradle\caches\9.0.0\md-rule)"        [_thread_blocked, id=3108, stack(0x000000fb75900000,0x000000fb75a00000) (1024K)]
  0x000002782929b790 JavaThread "jar transforms"                    [_thread_blocked, id=14652, stack(0x000000fb75a00000,0x000000fb75b00000) (1024K)]
  0x0000027829299d50 JavaThread "jar transforms Thread 2"           [_thread_blocked, id=23124, stack(0x000000fb75b00000,0x000000fb75c00000) (1024K)]
  0x0000027829299030 JavaThread "jar transforms Thread 3"           [_thread_blocked, id=4860, stack(0x000000fb75c00000,0x000000fb75d00000) (1024K)]
  0x000002782929be20 JavaThread "Unconstrained build operations"        [_thread_blocked, id=6036, stack(0x000000fb75e00000,0x000000fb75f00000) (1024K)]
  0x000002782929a3e0 JavaThread "Unconstrained build operations Thread 2"        [_thread_blocked, id=20540, stack(0x000000fb75f00000,0x000000fb76000000) (1024K)]
  0x00000278292989a0 JavaThread "Unconstrained build operations Thread 3"        [_thread_blocked, id=13772, stack(0x000000fb76000000,0x000000fb76100000) (1024K)]
  0x00000278292996c0 JavaThread "Unconstrained build operations Thread 4"        [_thread_blocked, id=14944, stack(0x000000fb76100000,0x000000fb76200000) (1024K)]
  0x000002782ae20560 JavaThread "Unconstrained build operations Thread 5"        [_thread_blocked, id=18764, stack(0x000000fb76200000,0x000000fb76300000) (1024K)]
  0x000002782ae20bf0 JavaThread "Unconstrained build operations Thread 6"        [_thread_blocked, id=14432, stack(0x000000fb76300000,0x000000fb76400000) (1024K)]
  0x000002782ae22cc0 JavaThread "Unconstrained build operations Thread 7"        [_thread_blocked, id=15148, stack(0x000000fb76400000,0x000000fb76500000) (1024K)]
  0x000002782ae23350 JavaThread "Unconstrained build operations Thread 8"        [_thread_blocked, id=14372, stack(0x000000fb76500000,0x000000fb76600000) (1024K)]
  0x000002782ae24070 JavaThread "Unconstrained build operations Thread 9"        [_thread_blocked, id=27756, stack(0x000000fb76600000,0x000000fb76700000) (1024K)]
  0x000002782ae24700 JavaThread "Unconstrained build operations Thread 10"        [_thread_blocked, id=12400, stack(0x000000fb76700000,0x000000fb76800000) (1024K)]
  0x000002782ae239e0 JavaThread "Unconstrained build operations Thread 11"        [_thread_blocked, id=24772, stack(0x000000fb76800000,0x000000fb76900000) (1024K)]
  0x000002782ae21280 JavaThread "Unconstrained build operations Thread 12"        [_thread_blocked, id=172, stack(0x000000fb76900000,0x000000fb76a00000) (1024K)]
  0x000002782ae22630 JavaThread "Unconstrained build operations Thread 13"        [_thread_blocked, id=792, stack(0x000000fb76a00000,0x000000fb76b00000) (1024K)]
  0x000002782ae24d90 JavaThread "Unconstrained build operations Thread 14"        [_thread_blocked, id=28124, stack(0x000000fb76b00000,0x000000fb76c00000) (1024K)]
  0x000002782ae21910 JavaThread "jar transforms Thread 4"           [_thread_blocked, id=25608, stack(0x000000fb75d00000,0x000000fb75e00000) (1024K)]
  0x000002782ae25420 JavaThread "jar transforms Thread 5"           [_thread_blocked, id=26492, stack(0x000000fb76c00000,0x000000fb76d00000) (1024K)]
  0x000002782ae21fa0 JavaThread "Unconstrained build operations Thread 15"        [_thread_blocked, id=20032, stack(0x000000fb76d00000,0x000000fb76e00000) (1024K)]
  0x000002782ae25ab0 JavaThread "Unconstrained build operations Thread 16"        [_thread_blocked, id=16816, stack(0x000000fb76e00000,0x000000fb76f00000) (1024K)]
  0x000002782ae267d0 JavaThread "Unconstrained build operations Thread 17"        [_thread_blocked, id=27288, stack(0x000000fb76f00000,0x000000fb77000000) (1024K)]
  0x000002782ae26140 JavaThread "Unconstrained build operations Thread 18"        [_thread_blocked, id=25560, stack(0x000000fb77000000,0x000000fb77100000) (1024K)]
  0x000002782ae26e60 JavaThread "Unconstrained build operations Thread 19"        [_thread_blocked, id=18796, stack(0x000000fb77100000,0x000000fb77200000) (1024K)]
  0x000002782ae274f0 JavaThread "Unconstrained build operations Thread 20"        [_thread_blocked, id=13796, stack(0x000000fb77200000,0x000000fb77300000) (1024K)]
  0x000002782ae27b80 JavaThread "Unconstrained build operations Thread 21"        [_thread_blocked, id=22204, stack(0x000000fb77300000,0x000000fb77400000) (1024K)]
  0x00000278287dc4f0 JavaThread "jar transforms Thread 6"           [_thread_blocked, id=11416, stack(0x000000fb77400000,0x000000fb77500000) (1024K)]
  0x00000278287dd210 JavaThread "jar transforms Thread 7"           [_thread_blocked, id=18456, stack(0x000000fb77500000,0x000000fb77600000) (1024K)]
  0x00000278287dcb80 JavaThread "jar transforms Thread 8"           [_thread_blocked, id=23904, stack(0x000000fb77600000,0x000000fb77700000) (1024K)]
Total: 61

Other Threads:
  0x0000027821c5a7d0 VMThread "VM Thread"                           [id=5156, stack(0x000000fb73400000,0x000000fb73500000) (1024K)]
  0x0000027821bf9250 WatcherThread "VM Periodic Task Thread"        [id=14328, stack(0x000000fb73200000,0x000000fb73300000) (1024K)]
  0x000002780a5ebd30 WorkerThread "GC Thread#0"                     [id=12268, stack(0x000000fb72d00000,0x000000fb72e00000) (1024K)]
  0x000002782663b720 WorkerThread "GC Thread#1"                     [id=21292, stack(0x000000fb73f00000,0x000000fb74000000) (1024K)]
  0x000002782663bac0 WorkerThread "GC Thread#2"                     [id=22176, stack(0x000000fb74000000,0x000000fb74100000) (1024K)]
  0x0000027827ddbae0 WorkerThread "GC Thread#3"                     [id=23772, stack(0x000000fb74200000,0x000000fb74300000) (1024K)]
  0x0000027827ddbe80 WorkerThread "GC Thread#4"                     [id=27940, stack(0x000000fb74300000,0x000000fb74400000) (1024K)]
  0x0000027826ac98b0 WorkerThread "GC Thread#5"                     [id=13352, stack(0x000000fb74c00000,0x000000fb74d00000) (1024K)]
  0x0000027826ac8690 WorkerThread "GC Thread#6"                     [id=19240, stack(0x000000fb74d00000,0x000000fb74e00000) (1024K)]
  0x0000027826ac8dd0 WorkerThread "GC Thread#7"                     [id=24776, stack(0x000000fb74e00000,0x000000fb74f00000) (1024K)]
  0x000002780a5f4c80 ConcurrentGCThread "G1 Main Marker"            [id=18596, stack(0x000000fb72e00000,0x000000fb72f00000) (1024K)]
  0x000002780a5f6eb0 WorkerThread "G1 Conc#0"                       [id=15044, stack(0x000000fb72f00000,0x000000fb73000000) (1024K)]
  0x0000027826ac9c50 WorkerThread "G1 Conc#1"                       [id=7028, stack(0x000000fb74f00000,0x000000fb75000000) (1024K)]
  0x0000027821ace200 ConcurrentGCThread "G1 Refine#0"               [id=180, stack(0x000000fb73000000,0x000000fb73100000) (1024K)]
  0x0000027821acfa30 ConcurrentGCThread "G1 Service"                [id=27828, stack(0x000000fb73100000,0x000000fb73200000) (1024K)]
Total: 15

Threads with active compile tasks:
C2 CompilerThread0  97506 7728       4       groovy.lang.MetaClassImpl::addMetaMethodToIndex (65 bytes)
Total: 1

VM state: not at safepoint (normal execution)

VM Mutex/Monitor currently owned by a thread: None

Heap address: 0x0000000080000000, size: 2048 MB, Compressed Oops mode: 32-bit

CDS archive(s) not mapped
Compressed class space mapped at: 0x0000000100000000-0x0000000140000000, reserved size: 1073741824
Narrow klass base: 0x0000000000000000, Narrow klass shift: 3, Narrow klass range: 0x140000000

GC Precious Log:
 CardTable entry size: 512
 Card Set container configuration: InlinePtr #cards 5 size 8 Array Of Cards #cards 12 size 40 Howl #buckets 4 coarsen threshold 1843 Howl Bitmap #cards 512 size 80 coarsen threshold 460 Card regions per heap region 1 cards per card region 2048
 CPUs: 8 total, 8 available
 Memory: 8029M
 Large Page Support: Disabled
 NUMA Support: Disabled
 Compressed Oops: Enabled (32-bit)
 Heap Region Size: 1M
 Heap Min Capacity: 8M
 Heap Initial Capacity: 126M
 Heap Max Capacity: 2G
 Pre-touch: Disabled
 Parallel Workers: 8
 Concurrent Workers: 2
 Concurrent Refinement Workers: 8
 Periodic GC: Disabled

Heap:
 garbage-first heap   total 95232K, used 67651K [0x0000000080000000, 0x0000000100000000)
  region size 1024K, 23 young (23552K), 5 survivors (5120K)
 Metaspace       used 70626K, committed 72512K, reserved 1114112K
  class space    used 10019K, committed 10944K, reserved 1048576K

Heap Regions: E=young(eden), S=young(survivor), O=old, HS=humongous(starts), HC=humongous(continues), CS=collection set, F=free, TAMS=top-at-mark-start, PB=parsable bottom
|   0|0x0000000080000000, 0x0000000080100000, 0x0000000080100000|100%|HS|  |TAMS 0x0000000080000000| PB 0x0000000080000000| Complete 
|   1|0x0000000080100000, 0x0000000080200000, 0x0000000080200000|100%|HC|  |TAMS 0x0000000080100000| PB 0x0000000080100000| Complete 
|   2|0x0000000080200000, 0x0000000080300000, 0x0000000080300000|100%|HC|  |TAMS 0x0000000080200000| PB 0x0000000080200000| Complete 
|   3|0x0000000080300000, 0x0000000080400000, 0x0000000080400000|100%| O|  |TAMS 0x0000000080300000| PB 0x0000000080300000| Untracked 
|   4|0x0000000080400000, 0x0000000080500000, 0x0000000080500000|100%| O|  |TAMS 0x0000000080400000| PB 0x0000000080400000| Untracked 
|   5|0x0000000080500000, 0x0000000080600000, 0x0000000080600000|100%| O|  |TAMS 0x0000000080500000| PB 0x0000000080500000| Untracked 
|   6|0x0000000080600000, 0x0000000080700000, 0x0000000080700000|100%|HS|  |TAMS 0x0000000080600000| PB 0x0000000080600000| Complete 
|   7|0x0000000080700000, 0x0000000080800000, 0x0000000080800000|100%| O|  |TAMS 0x0000000080700000| PB 0x0000000080700000| Untracked 
|   8|0x0000000080800000, 0x0000000080900000, 0x0000000080900000|100%| O|  |TAMS 0x0000000080800000| PB 0x0000000080800000| Untracked 
|   9|0x0000000080900000, 0x0000000080a00000, 0x0000000080a00000|100%| O|  |TAMS 0x0000000080900000| PB 0x0000000080900000| Untracked 
|  10|0x0000000080a00000, 0x0000000080b00000, 0x0000000080b00000|100%| O|  |TAMS 0x0000000080a00000| PB 0x0000000080a00000| Untracked 
|  11|0x0000000080b00000, 0x0000000080c00000, 0x0000000080c00000|100%| O|  |TAMS 0x0000000080b00000| PB 0x0000000080b00000| Untracked 
|  12|0x0000000080c00000, 0x0000000080d00000, 0x0000000080d00000|100%| O|  |TAMS 0x0000000080c00000| PB 0x0000000080c00000| Untracked 
|  13|0x0000000080d00000, 0x0000000080e00000, 0x0000000080e00000|100%| O|  |TAMS 0x0000000080d00000| PB 0x0000000080d00000| Untracked 
|  14|0x0000000080e00000, 0x0000000080f00000, 0x0000000080f00000|100%| O|  |TAMS 0x0000000080e00000| PB 0x0000000080e00000| Untracked 
|  15|0x0000000080f00000, 0x0000000081000000, 0x0000000081000000|100%| O|  |TAMS 0x0000000080f00000| PB 0x0000000080f00000| Untracked 
|  16|0x0000000081000000, 0x0000000081100000, 0x0000000081100000|100%| O|  |TAMS 0x0000000081000000| PB 0x0000000081000000| Untracked 
|  17|0x0000000081100000, 0x0000000081200000, 0x0000000081200000|100%| O|  |TAMS 0x0000000081100000| PB 0x0000000081100000| Untracked 
|  18|0x0000000081200000, 0x0000000081300000, 0x0000000081300000|100%| O|  |TAMS 0x0000000081200000| PB 0x0000000081200000| Untracked 
|  19|0x0000000081300000, 0x0000000081400000, 0x0000000081400000|100%| O|  |TAMS 0x0000000081300000| PB 0x0000000081300000| Untracked 
|  20|0x0000000081400000, 0x0000000081500000, 0x0000000081500000|100%| O|  |TAMS 0x0000000081400000| PB 0x0000000081400000| Untracked 
|  21|0x0000000081500000, 0x0000000081600000, 0x0000000081600000|100%| O|  |TAMS 0x0000000081500000| PB 0x0000000081500000| Untracked 
|  22|0x0000000081600000, 0x0000000081700000, 0x0000000081700000|100%| O|  |TAMS 0x0000000081600000| PB 0x0000000081600000| Untracked 
|  23|0x0000000081700000, 0x0000000081800000, 0x0000000081800000|100%| O|  |TAMS 0x0000000081700000| PB 0x0000000081700000| Untracked 
|  24|0x0000000081800000, 0x0000000081900000, 0x0000000081900000|100%| O|  |TAMS 0x0000000081800000| PB 0x0000000081800000| Untracked 
|  25|0x0000000081900000, 0x0000000081a00000, 0x0000000081a00000|100%| O|  |TAMS 0x0000000081900000| PB 0x0000000081900000| Untracked 
|  26|0x0000000081a00000, 0x0000000081b00000, 0x0000000081b00000|100%| O|  |TAMS 0x0000000081a00000| PB 0x0000000081a00000| Untracked 
|  27|0x0000000081b00000, 0x0000000081c00000, 0x0000000081c00000|100%| O|Cm|TAMS 0x0000000081b00000| PB 0x0000000081b00000| Complete 
|  28|0x0000000081c00000, 0x0000000081d00000, 0x0000000081d00000|100%|HS|  |TAMS 0x0000000081c00000| PB 0x0000000081c00000| Complete 
|  29|0x0000000081d00000, 0x0000000081e00000, 0x0000000081e00000|100%|HC|  |TAMS 0x0000000081d00000| PB 0x0000000081d00000| Complete 
|  30|0x0000000081e00000, 0x0000000081f00000, 0x0000000081f00000|100%| O|  |TAMS 0x0000000081e00000| PB 0x0000000081e00000| Untracked 
|  31|0x0000000081f00000, 0x0000000082000000, 0x0000000082000000|100%| O|  |TAMS 0x0000000081f00000| PB 0x0000000081f00000| Untracked 
|  32|0x0000000082000000, 0x0000000082100000, 0x0000000082100000|100%| O|  |TAMS 0x0000000082000000| PB 0x0000000082000000| Untracked 
|  33|0x0000000082100000, 0x0000000082200000, 0x0000000082200000|100%| O|  |TAMS 0x0000000082100000| PB 0x0000000082100000| Untracked 
|  34|0x0000000082200000, 0x0000000082300000, 0x0000000082300000|100%| O|  |TAMS 0x0000000082200000| PB 0x0000000082200000| Untracked 
|  35|0x0000000082300000, 0x0000000082400000, 0x0000000082400000|100%| O|  |TAMS 0x0000000082300000| PB 0x0000000082300000| Untracked 
|  36|0x0000000082400000, 0x0000000082500000, 0x0000000082500000|100%| O|  |TAMS 0x0000000082400000| PB 0x0000000082400000| Untracked 
|  37|0x0000000082500000, 0x0000000082600000, 0x0000000082600000|100%| O|  |TAMS 0x0000000082500000| PB 0x0000000082500000| Untracked 
|  38|0x0000000082600000, 0x0000000082700000, 0x0000000082700000|100%| O|  |TAMS 0x0000000082600000| PB 0x0000000082600000| Untracked 
|  39|0x0000000082700000, 0x0000000082800000, 0x0000000082800000|100%| O|  |TAMS 0x0000000082700000| PB 0x0000000082700000| Untracked 
|  40|0x0000000082800000, 0x0000000082900000, 0x0000000082900000|100%| O|  |TAMS 0x0000000082800000| PB 0x0000000082800000| Untracked 
|  41|0x0000000082900000, 0x0000000082a00000, 0x0000000082a00000|100%| O|  |TAMS 0x0000000082900000| PB 0x0000000082900000| Untracked 
|  42|0x0000000082a00000, 0x0000000082a29380, 0x0000000082b00000| 16%| O|  |TAMS 0x0000000082a00000| PB 0x0000000082a00000| Untracked 
|  43|0x0000000082b00000, 0x0000000082b00000, 0x0000000082c00000|  0%| F|  |TAMS 0x0000000082b00000| PB 0x0000000082b00000| Untracked 
|  44|0x0000000082c00000, 0x0000000082c00000, 0x0000000082d00000|  0%| F|  |TAMS 0x0000000082c00000| PB 0x0000000082c00000| Untracked 
|  45|0x0000000082d00000, 0x0000000082d00000, 0x0000000082e00000|  0%| F|  |TAMS 0x0000000082d00000| PB 0x0000000082d00000| Untracked 
|  46|0x0000000082e00000, 0x0000000082e00000, 0x0000000082f00000|  0%| F|  |TAMS 0x0000000082e00000| PB 0x0000000082e00000| Untracked 
|  47|0x0000000082f00000, 0x0000000082f00000, 0x0000000083000000|  0%| F|  |TAMS 0x0000000082f00000| PB 0x0000000082f00000| Untracked 
|  48|0x0000000083000000, 0x0000000083000000, 0x0000000083100000|  0%| F|  |TAMS 0x0000000083000000| PB 0x0000000083000000| Untracked 
|  49|0x0000000083100000, 0x0000000083100000, 0x0000000083200000|  0%| F|  |TAMS 0x0000000083100000| PB 0x0000000083100000| Untracked 
|  50|0x0000000083200000, 0x00000000832e78b8, 0x0000000083300000| 90%| S|CS|TAMS 0x0000000083200000| PB 0x0000000083200000| Complete 
|  51|0x0000000083300000, 0x0000000083400000, 0x0000000083400000|100%| S|CS|TAMS 0x0000000083300000| PB 0x0000000083300000| Complete 
|  52|0x0000000083400000, 0x0000000083500000, 0x0000000083500000|100%| S|CS|TAMS 0x0000000083400000| PB 0x0000000083400000| Complete 
|  53|0x0000000083500000, 0x0000000083600000, 0x0000000083600000|100%| S|CS|TAMS 0x0000000083500000| PB 0x0000000083500000| Complete 
|  54|0x0000000083600000, 0x0000000083700000, 0x0000000083700000|100%| S|CS|TAMS 0x0000000083600000| PB 0x0000000083600000| Complete 
|  55|0x0000000083700000, 0x0000000083700000, 0x0000000083800000|  0%| F|  |TAMS 0x0000000083700000| PB 0x0000000083700000| Untracked 
|  56|0x0000000083800000, 0x0000000083800000, 0x0000000083900000|  0%| F|  |TAMS 0x0000000083800000| PB 0x0000000083800000| Untracked 
|  57|0x0000000083900000, 0x0000000083900000, 0x0000000083a00000|  0%| F|  |TAMS 0x0000000083900000| PB 0x0000000083900000| Untracked 
|  58|0x0000000083a00000, 0x0000000083a00000, 0x0000000083b00000|  0%| F|  |TAMS 0x0000000083a00000| PB 0x0000000083a00000| Untracked 
|  59|0x0000000083b00000, 0x0000000083b00000, 0x0000000083c00000|  0%| F|  |TAMS 0x0000000083b00000| PB 0x0000000083b00000| Untracked 
|  60|0x0000000083c00000, 0x0000000083c00000, 0x0000000083d00000|  0%| F|  |TAMS 0x0000000083c00000| PB 0x0000000083c00000| Untracked 
|  61|0x0000000083d00000, 0x0000000083d00000, 0x0000000083e00000|  0%| F|  |TAMS 0x0000000083d00000| PB 0x0000000083d00000| Untracked 
|  62|0x0000000083e00000, 0x0000000083e00000, 0x0000000083f00000|  0%| F|  |TAMS 0x0000000083e00000| PB 0x0000000083e00000| Untracked 
|  63|0x0000000083f00000, 0x0000000083f00000, 0x0000000084000000|  0%| F|  |TAMS 0x0000000083f00000| PB 0x0000000083f00000| Untracked 
|  64|0x0000000084000000, 0x0000000084000000, 0x0000000084100000|  0%| F|  |TAMS 0x0000000084000000| PB 0x0000000084000000| Untracked 
|  65|0x0000000084100000, 0x0000000084100000, 0x0000000084200000|  0%| F|  |TAMS 0x0000000084100000| PB 0x0000000084100000| Untracked 
|  66|0x0000000084200000, 0x0000000084200000, 0x0000000084300000|  0%| F|  |TAMS 0x0000000084200000| PB 0x0000000084200000| Untracked 
|  67|0x0000000084300000, 0x0000000084300000, 0x0000000084400000|  0%| F|  |TAMS 0x0000000084300000| PB 0x0000000084300000| Untracked 
|  68|0x0000000084400000, 0x0000000084400000, 0x0000000084500000|  0%| F|  |TAMS 0x0000000084400000| PB 0x0000000084400000| Untracked 
|  69|0x0000000084500000, 0x0000000084500000, 0x0000000084600000|  0%| F|  |TAMS 0x0000000084500000| PB 0x0000000084500000| Untracked 
|  70|0x0000000084600000, 0x0000000084600000, 0x0000000084700000|  0%| F|  |TAMS 0x0000000084600000| PB 0x0000000084600000| Untracked 
|  71|0x0000000084700000, 0x0000000084700000, 0x0000000084800000|  0%| F|  |TAMS 0x0000000084700000| PB 0x0000000084700000| Untracked 
|  72|0x0000000084800000, 0x0000000084800000, 0x0000000084900000|  0%| F|  |TAMS 0x0000000084800000| PB 0x0000000084800000| Untracked 
|  73|0x0000000084900000, 0x0000000084a00000, 0x0000000084a00000|100%| E|  |TAMS 0x0000000084900000| PB 0x0000000084900000| Complete 
|  74|0x0000000084a00000, 0x0000000084b00000, 0x0000000084b00000|100%| E|CS|TAMS 0x0000000084a00000| PB 0x0000000084a00000| Complete 
|  75|0x0000000084b00000, 0x0000000084c00000, 0x0000000084c00000|100%| E|CS|TAMS 0x0000000084b00000| PB 0x0000000084b00000| Complete 
|  76|0x0000000084c00000, 0x0000000084d00000, 0x0000000084d00000|100%| E|CS|TAMS 0x0000000084c00000| PB 0x0000000084c00000| Complete 
|  77|0x0000000084d00000, 0x0000000084e00000, 0x0000000084e00000|100%| E|CS|TAMS 0x0000000084d00000| PB 0x0000000084d00000| Complete 
|  78|0x0000000084e00000, 0x0000000084f00000, 0x0000000084f00000|100%| E|CS|TAMS 0x0000000084e00000| PB 0x0000000084e00000| Complete 
|  79|0x0000000084f00000, 0x0000000085000000, 0x0000000085000000|100%| E|CS|TAMS 0x0000000084f00000| PB 0x0000000084f00000| Complete 
|  80|0x0000000085000000, 0x0000000085100000, 0x0000000085100000|100%| E|CS|TAMS 0x0000000085000000| PB 0x0000000085000000| Complete 
|  81|0x0000000085100000, 0x0000000085200000, 0x0000000085200000|100%| E|CS|TAMS 0x0000000085100000| PB 0x0000000085100000| Complete 
|  82|0x0000000085200000, 0x0000000085300000, 0x0000000085300000|100%| E|CS|TAMS 0x0000000085200000| PB 0x0000000085200000| Complete 
|  83|0x0000000085300000, 0x0000000085400000, 0x0000000085400000|100%| E|CS|TAMS 0x0000000085300000| PB 0x0000000085300000| Complete 
|  84|0x0000000085400000, 0x0000000085500000, 0x0000000085500000|100%| E|CS|TAMS 0x0000000085400000| PB 0x0000000085400000| Complete 
|  85|0x0000000085500000, 0x0000000085600000, 0x0000000085600000|100%| E|CS|TAMS 0x0000000085500000| PB 0x0000000085500000| Complete 
|  86|0x0000000085600000, 0x0000000085700000, 0x0000000085700000|100%| E|CS|TAMS 0x0000000085600000| PB 0x0000000085600000| Complete 
|  87|0x0000000085700000, 0x0000000085800000, 0x0000000085800000|100%| E|CS|TAMS 0x0000000085700000| PB 0x0000000085700000| Complete 
|  88|0x0000000085800000, 0x0000000085900000, 0x0000000085900000|100%| E|CS|TAMS 0x0000000085800000| PB 0x0000000085800000| Complete 
|  89|0x0000000085900000, 0x0000000085a00000, 0x0000000085a00000|100%| E|CS|TAMS 0x0000000085900000| PB 0x0000000085900000| Complete 
| 125|0x0000000087d00000, 0x0000000087e00000, 0x0000000087e00000|100%| E|CS|TAMS 0x0000000087d00000| PB 0x0000000087d00000| Complete 
|2046|0x00000000ffe00000, 0x00000000fff00000, 0x00000000fff00000|100%| O|  |TAMS 0x00000000ffe00000| PB 0x00000000ffe00000| Untracked 
|2047|0x00000000fff00000, 0x0000000100000000, 0x0000000100000000|100%| O|  |TAMS 0x00000000fff00000| PB 0x00000000fff00000| Untracked 

Card table byte_map: [0x000002781cdf0000,0x000002781d1f0000] _byte_map_base: 0x000002781c9f0000

Marking Bits: (CMBitMap*) 0x000002780a5ec340
 Bits: [0x000002781d1f0000, 0x000002781f1f0000)

Polling page: 0x0000027808350000

Metaspace:

Usage:
  Non-class:     59.19 MB used.
      Class:      9.79 MB used.
       Both:     68.98 MB used.

Virtual space:
  Non-class space:       64.00 MB reserved,      60.12 MB ( 94%) committed,  1 nodes.
      Class space:        1.00 GB reserved,      10.69 MB (  1%) committed,  1 nodes.
             Both:        1.06 GB reserved,      70.81 MB (  7%) committed. 

Chunk freelists:
   Non-Class:  3.70 MB
       Class:  5.17 MB
        Both:  8.87 MB

MaxMetaspaceSize: unlimited
CompressedClassSpaceSize: 1.00 GB
Initial GC threshold: 21.00 MB
Current GC threshold: 104.38 MB
CDS: off
 - commit_granule_bytes: 65536.
 - commit_granule_words: 8192.
 - virtual_space_node_default_size: 8388608.
 - enlarge_chunks_in_place: 1.
 - use_allocation_guard: 0.


Internal statistics:

num_allocs_failed_limit: 6.
num_arena_births: 3538.
num_arena_deaths: 0.
num_vsnodes_births: 2.
num_vsnodes_deaths: 0.
num_space_committed: 1133.
num_space_uncommitted: 0.
num_chunks_returned_to_freelist: 6.
num_chunks_taken_from_freelist: 6405.
num_chunk_merges: 6.
num_chunk_splits: 4124.
num_chunks_enlarged: 2461.
num_inconsistent_stats: 0.

CodeHeap 'non-profiled nmethods': size=120000Kb used=3919Kb max_used=3919Kb free=116080Kb
 bounds [0x0000027815190000, 0x0000027815570000, 0x000002781c6c0000]
CodeHeap 'profiled nmethods': size=120000Kb used=12728Kb max_used=12728Kb free=107272Kb
 bounds [0x000002780d6c0000, 0x000002780e330000, 0x0000027814bf0000]
CodeHeap 'non-nmethods': size=5760Kb used=1919Kb max_used=1970Kb free=3840Kb
 bounds [0x0000027814bf0000, 0x0000027814e60000, 0x0000027815190000]
CodeCache: size=245760Kb, used=18566Kb, max_used=18617Kb, free=227192Kb
 total_blobs=7582, nmethods=6778, adapters=708, full_count=0
Compilation: enabled, stopped_count=0, restarted_count=0

Compilation events (20 events):
Event: 97.439 Thread 0x00000278260be200 7726       3       java.lang.Class::methodToString (78 bytes)
Event: 97.440 Thread 0x00000278260be200 nmethod 7726 0x000002780e317190 code [0x000002780e3174a0, 0x000002780e318250]
Event: 97.441 Thread 0x0000027826093160 7727       4       java.util.LinkedHashMap$LinkedValues::iterator (16 bytes)
Event: 97.442 Thread 0x00000278260be200 7731       3       java.util.stream.ReferencePipeline::makeNodeBuilder (6 bytes)
Event: 97.442 Thread 0x00000278260be200 nmethod 7731 0x000002780e318790 code [0x000002780e318940, 0x000002780e318a80]
Event: 97.442 Thread 0x00000278260be200 7732       3       java.util.stream.Nodes::builder (30 bytes)
Event: 97.442 Thread 0x00000278260be200 nmethod 7732 0x000002780e318b10 code [0x000002780e318d00, 0x000002780e3192d8]
Event: 97.442 Thread 0x00000278260be200 7733       3       java.util.stream.Nodes::flatten (70 bytes)
Event: 97.443 Thread 0x00000278260be200 nmethod 7733 0x000002780e319510 code [0x000002780e319760, 0x000002780e319f98]
Event: 97.444 Thread 0x0000027826093160 nmethod 7727 0x0000027815563610 code [0x00000278155637a0, 0x00000278155639d8]
Event: 97.444 Thread 0x0000027826093160 7728       4       groovy.lang.MetaClassImpl::addMetaMethodToIndex (65 bytes)
Event: 97.447 Thread 0x00000278260be200 7736       3       sun.reflect.generics.reflectiveObjects.WildcardTypeImpl::<init> (16 bytes)
Event: 97.447 Thread 0x00000278260be200 nmethod 7736 0x000002780e31a290 code [0x000002780e31a440, 0x000002780e31a728]
Event: 97.448 Thread 0x00000278260be200 7737       3       sun.reflect.generics.reflectiveObjects.WildcardTypeImpl::make (11 bytes)
Event: 97.448 Thread 0x00000278260be200 nmethod 7737 0x000002780e31a810 code [0x000002780e31a9e0, 0x000002780e31ad58]
Event: 97.450 Thread 0x00000278260be200 7738       3       com.sun.beans.introspect.PropertyInfo::initialize (429 bytes)
Event: 97.452 Thread 0x00000278260be200 nmethod 7738 0x000002780e31ae90 code [0x000002780e31b260, 0x000002780e31ccf8]
Event: 97.452 Thread 0x00000278260be200 7739   !   3       com.sun.beans.introspect.PropertyInfo::initialize (374 bytes)
Event: 97.456 Thread 0x00000278260be200 nmethod 7739 0x000002780e31d490 code [0x000002780e31db80, 0x000002780e321418]
Event: 97.457 Thread 0x00000278260be200 7743       3       java.util.Hashtable::entrySet (28 bytes)

GC Heap History (20 events):
Event: 65.544 GC heap before
{Heap before GC invocations=7 (full 0):
 garbage-first heap   total 68608K, used 47257K [0x0000000080000000, 0x0000000100000000)
  region size 1024K, 28 young (28672K), 4 survivors (4096K)
 Metaspace       used 35282K, committed 35968K, reserved 1114112K
  class space    used 4674K, committed 4992K, reserved 1048576K
}
Event: 65.551 GC heap after
{Heap after GC invocations=8 (full 0):
 garbage-first heap   total 68608K, used 25617K [0x0000000080000000, 0x0000000100000000)
  region size 1024K, 4 young (4096K), 4 survivors (4096K)
 Metaspace       used 35282K, committed 35968K, reserved 1114112K
  class space    used 4674K, committed 4992K, reserved 1048576K
}
Event: 66.857 GC heap before
{Heap before GC invocations=9 (full 0):
 garbage-first heap   total 68608K, used 59409K [0x0000000080000000, 0x0000000100000000)
  region size 1024K, 37 young (37888K), 4 survivors (4096K)
 Metaspace       used 39957K, committed 40896K, reserved 1114112K
  class space    used 5492K, committed 5952K, reserved 1048576K
}
Event: 66.865 GC heap after
{Heap after GC invocations=10 (full 0):
 garbage-first heap   total 68608K, used 27362K [0x0000000080000000, 0x0000000100000000)
  region size 1024K, 4 young (4096K), 4 survivors (4096K)
 Metaspace       used 39957K, committed 40896K, reserved 1114112K
  class space    used 5492K, committed 5952K, reserved 1048576K
}
Event: 75.144 GC heap before
{Heap before GC invocations=10 (full 0):
 garbage-first heap   total 68608K, used 60130K [0x0000000080000000, 0x0000000100000000)
  region size 1024K, 36 young (36864K), 4 survivors (4096K)
 Metaspace       used 44380K, committed 45504K, reserved 1114112K
  class space    used 6254K, committed 6784K, reserved 1048576K
}
Event: 75.151 GC heap after
{Heap after GC invocations=11 (full 0):
 garbage-first heap   total 68608K, used 29035K [0x0000000080000000, 0x0000000100000000)
  region size 1024K, 4 young (4096K), 4 survivors (4096K)
 Metaspace       used 44380K, committed 45504K, reserved 1114112K
  class space    used 6254K, committed 6784K, reserved 1048576K
}
Event: 78.662 GC heap before
{Heap before GC invocations=11 (full 0):
 garbage-first heap   total 68608K, used 59755K [0x0000000080000000, 0x0000000100000000)
  region size 1024K, 35 young (35840K), 4 survivors (4096K)
 Metaspace       used 49526K, committed 50880K, reserved 1114112K
  class space    used 6862K, committed 7488K, reserved 1048576K
}
Event: 78.669 GC heap after
{Heap after GC invocations=12 (full 0):
 garbage-first heap   total 68608K, used 32679K [0x0000000080000000, 0x0000000100000000)
  region size 1024K, 5 young (5120K), 5 survivors (5120K)
 Metaspace       used 49526K, committed 50880K, reserved 1114112K
  class space    used 6862K, committed 7488K, reserved 1048576K
}
Event: 79.719 GC heap before
{Heap before GC invocations=12 (full 0):
 garbage-first heap   total 68608K, used 60327K [0x0000000080000000, 0x0000000100000000)
  region size 1024K, 32 young (32768K), 5 survivors (5120K)
 Metaspace       used 52967K, committed 54400K, reserved 1114112K
  class space    used 7439K, committed 8128K, reserved 1048576K
}
Event: 79.728 GC heap after
{Heap after GC invocations=13 (full 0):
 garbage-first heap   total 68608K, used 34599K [0x0000000080000000, 0x0000000100000000)
  region size 1024K, 2 young (2048K), 2 survivors (2048K)
 Metaspace       used 52967K, committed 54400K, reserved 1114112K
  class space    used 7439K, committed 8128K, reserved 1048576K
}
Event: 81.394 GC heap before
{Heap before GC invocations=13 (full 0):
 garbage-first heap   total 68608K, used 59175K [0x0000000080000000, 0x0000000100000000)
  region size 1024K, 27 young (27648K), 2 survivors (2048K)
 Metaspace       used 55052K, committed 56576K, reserved 1114112K
  class space    used 7775K, committed 8512K, reserved 1048576K
}
Event: 81.402 GC heap after
{Heap after GC invocations=14 (full 0):
 garbage-first heap   total 68608K, used 37888K [0x0000000080000000, 0x0000000100000000)
  region size 1024K, 4 young (4096K), 4 survivors (4096K)
 Metaspace       used 55052K, committed 56576K, reserved 1114112K
  class space    used 7775K, committed 8512K, reserved 1048576K
}
Event: 83.162 GC heap before
{Heap before GC invocations=15 (full 0):
 garbage-first heap   total 68608K, used 62464K [0x0000000080000000, 0x0000000100000000)
  region size 1024K, 26 young (26624K), 4 survivors (4096K)
 Metaspace       used 56186K, committed 57856K, reserved 1114112K
  class space    used 7970K, committed 8768K, reserved 1048576K
}
Event: 83.203 GC heap after
{Heap after GC invocations=16 (full 0):
 garbage-first heap   total 71680K, used 43841K [0x0000000080000000, 0x0000000100000000)
  region size 1024K, 4 young (4096K), 4 survivors (4096K)
 Metaspace       used 56186K, committed 57856K, reserved 1114112K
  class space    used 7970K, committed 8768K, reserved 1048576K
}
Event: 86.990 GC heap before
{Heap before GC invocations=16 (full 0):
 garbage-first heap   total 71680K, used 63297K [0x0000000080000000, 0x0000000100000000)
  region size 1024K, 23 young (23552K), 4 survivors (4096K)
 Metaspace       used 58007K, committed 59712K, reserved 1114112K
  class space    used 8265K, committed 9088K, reserved 1048576K
}
Event: 86.997 GC heap after
{Heap after GC invocations=17 (full 0):
 garbage-first heap   total 95232K, used 45346K [0x0000000080000000, 0x0000000100000000)
  region size 1024K, 2 young (2048K), 2 survivors (2048K)
 Metaspace       used 58007K, committed 59712K, reserved 1114112K
  class space    used 8265K, committed 9088K, reserved 1048576K
}
Event: 89.995 GC heap before
{Heap before GC invocations=17 (full 0):
 garbage-first heap   total 95232K, used 77090K [0x0000000080000000, 0x0000000100000000)
  region size 1024K, 34 young (34816K), 2 survivors (2048K)
 Metaspace       used 62151K, committed 64000K, reserved 1114112K
  class space    used 8914K, committed 9792K, reserved 1048576K
}
Event: 90.001 GC heap after
{Heap after GC invocations=18 (full 0):
 garbage-first heap   total 95232K, used 46703K [0x0000000080000000, 0x0000000100000000)
  region size 1024K, 3 young (3072K), 3 survivors (3072K)
 Metaspace       used 62151K, committed 64000K, reserved 1114112K
  class space    used 8914K, committed 9792K, reserved 1048576K
}
Event: 92.765 GC heap before
{Heap before GC invocations=19 (full 0):
 garbage-first heap   total 95232K, used 79471K [0x0000000080000000, 0x0000000100000000)
  region size 1024K, 36 young (36864K), 3 survivors (3072K)
 Metaspace       used 69784K, committed 71616K, reserved 1114112K
  class space    used 9943K, committed 10816K, reserved 1048576K
}
Event: 92.775 GC heap after
{Heap after GC invocations=20 (full 0):
 garbage-first heap   total 95232K, used 50243K [0x0000000080000000, 0x0000000100000000)
  region size 1024K, 5 young (5120K), 5 survivors (5120K)
 Metaspace       used 69784K, committed 71616K, reserved 1114112K
  class space    used 9943K, committed 10816K, reserved 1048576K
}

Dll operation events (3 events):
Event: 0.182 Loaded shared library E:\android\jbr\bin\java.dll
Event: 0.211 Loaded shared library E:\android\jbr\bin\zip.dll
Event: 23.406 Loaded shared library E:\android\jbr\bin\verify.dll

Deoptimization events (20 events):
Event: 92.366 Thread 0x0000027827c2eb30 DEOPT PACKING pc=0x000002781537d6e0 sp=0x000000fb747f6600
Event: 92.366 Thread 0x0000027827c2eb30 DEOPT UNPACKING pc=0x0000027814c443a2 sp=0x000000fb747f6488 mode 2
Event: 92.749 Thread 0x0000027827c2eb30 Uncommon trap: trap_request=0xffffff45 fr.pc=0x00000278152681e4 relative=0x00000000000000c4
Event: 92.749 Thread 0x0000027827c2eb30 Uncommon trap: reason=unstable_if action=reinterpret pc=0x00000278152681e4 method=java.util.LinkedHashMap.afterNodeAccess(Ljava/util/HashMap$Node;)V @ 19 c2
Event: 92.749 Thread 0x0000027827c2eb30 DEOPT PACKING pc=0x00000278152681e4 sp=0x000000fb747f7070
Event: 92.749 Thread 0x0000027827c2eb30 DEOPT UNPACKING pc=0x0000027814c443a2 sp=0x000000fb747f6fd8 mode 2
Event: 93.754 Thread 0x0000027827c2eb30 DEOPT PACKING pc=0x000002780d7d2ef0 sp=0x000000fb747f6e10
Event: 93.754 Thread 0x0000027827c2eb30 DEOPT UNPACKING pc=0x0000027814c44b42 sp=0x000000fb747f6240 mode 0
Event: 93.950 Thread 0x0000027827c2eb30 DEOPT PACKING pc=0x000002780d7d2ebd sp=0x000000fb747f6d30
Event: 93.950 Thread 0x0000027827c2eb30 DEOPT UNPACKING pc=0x0000027814c44b42 sp=0x000000fb747f6160 mode 0
Event: 94.064 Thread 0x0000027827c2eb30 DEOPT PACKING pc=0x000002780d81fac2 sp=0x000000fb747f7c70
Event: 94.064 Thread 0x0000027827c2eb30 DEOPT UNPACKING pc=0x0000027814c44b42 sp=0x000000fb747f7180 mode 0
Event: 97.426 Thread 0x0000027827c2eb30 Uncommon trap: trap_request=0x00000014 fr.pc=0x000002781532b110 relative=0x0000000000000250
Event: 97.426 Thread 0x0000027827c2eb30 Uncommon trap: reason=unloaded action=reinterpret pc=0x000002781532b110 method=com.esotericsoftware.kryo.io.Input.fill([BII)I @ 22 c2
Event: 97.426 Thread 0x0000027827c2eb30 DEOPT PACKING pc=0x000002781532b110 sp=0x000000fb747f7dc0
Event: 97.426 Thread 0x0000027827c2eb30 DEOPT UNPACKING pc=0x0000027814c443a2 sp=0x000000fb747f7cf8 mode 2
Event: 97.427 Thread 0x0000027827c2eb30 Uncommon trap: trap_request=0xffffffc6 fr.pc=0x0000027815341cfc relative=0x000000000000097c
Event: 97.427 Thread 0x0000027827c2eb30 Uncommon trap: reason=bimorphic_or_optimized_type_check action=maybe_recompile pc=0x0000027815341cfc method=java.lang.Throwable.<init>(Ljava/lang/String;Ljava/lang/Throwable;)V @ 24 c2
Event: 97.427 Thread 0x0000027827c2eb30 DEOPT PACKING pc=0x0000027815341cfc sp=0x000000fb747f7eb0
Event: 97.427 Thread 0x0000027827c2eb30 DEOPT UNPACKING pc=0x0000027814c443a2 sp=0x000000fb747f7e78 mode 2

Classes loaded (20 events):
Event: 93.759 Loading class sun/security/rsa/RSASignature$SHA256withRSA
Event: 93.759 Loading class sun/security/rsa/RSASignature$SHA256withRSA done
Event: 93.760 Loading class sun/security/rsa/RSAPrivateKeyImpl
Event: 93.760 Loading class sun/security/rsa/RSAPrivateKeyImpl done
Event: 93.760 Loading class sun/security/rsa/RSAPrivateCrtKeyImpl
Event: 93.760 Loading class java/security/interfaces/RSAPrivateCrtKey
Event: 93.760 Loading class java/security/interfaces/RSAPrivateCrtKey done
Event: 93.760 Loading class sun/security/rsa/RSAPrivateCrtKeyImpl done
Event: 93.760 Loading class sun/security/rsa/RSACore
Event: 93.761 Loading class sun/security/rsa/RSACore done
Event: 93.761 Loading class sun/security/rsa/RSAPadding
Event: 93.761 Loading class sun/security/rsa/RSAPadding done
Event: 96.661 Loading class java/util/Collections$ReverseComparator
Event: 96.661 Loading class java/util/Collections$ReverseComparator done
Event: 96.661 Loading class java/util/Comparators$NaturalOrderComparator
Event: 96.661 Loading class java/util/Comparators$NaturalOrderComparator done
Event: 96.662 Loading class java/util/Collections$ReverseComparator2
Event: 96.662 Loading class java/util/Collections$ReverseComparator2 done
Event: 97.455 Loading class org/xml/sax/Locator
Event: 97.456 Loading class org/xml/sax/Locator done

Classes unloaded (0 events):
No events

Classes redefined (0 events):
No events

Internal exceptions (20 events):
Event: 97.192 Thread 0x0000027827c2eb30 Exception <a 'sun/nio/fs/WindowsException'{0x0000000084d96248}> (0x0000000084d96248) 
thrown [s\src\hotspot\share\prims\jni.cpp, line 537]
Event: 97.208 Thread 0x0000027827c2eb30 Exception <a 'sun/nio/fs/WindowsException'{0x0000000084da4168}> (0x0000000084da4168) 
thrown [s\src\hotspot\share\prims\jni.cpp, line 537]
Event: 97.226 Thread 0x0000027827c2eb30 Exception <a 'sun/nio/fs/WindowsException'{0x0000000084db8850}> (0x0000000084db8850) 
thrown [s\src\hotspot\share\prims\jni.cpp, line 537]
Event: 97.244 Thread 0x0000027827c2eb30 Exception <a 'sun/nio/fs/WindowsException'{0x0000000084dc6ae8}> (0x0000000084dc6ae8) 
thrown [s\src\hotspot\share\prims\jni.cpp, line 537]
Event: 97.259 Thread 0x0000027827c2eb30 Exception <a 'sun/nio/fs/WindowsException'{0x0000000084ddbc08}> (0x0000000084ddbc08) 
thrown [s\src\hotspot\share\prims\jni.cpp, line 537]
Event: 97.275 Thread 0x0000027827c2eb30 Exception <a 'sun/nio/fs/WindowsException'{0x0000000084deab80}> (0x0000000084deab80) 
thrown [s\src\hotspot\share\prims\jni.cpp, line 537]
Event: 97.290 Thread 0x0000027827c2eb30 Exception <a 'sun/nio/fs/WindowsException'{0x0000000084df9db8}> (0x0000000084df9db8) 
thrown [s\src\hotspot\share\prims\jni.cpp, line 537]
Event: 97.304 Thread 0x0000027827c2eb30 Exception <a 'sun/nio/fs/WindowsException'{0x0000000084c0a660}> (0x0000000084c0a660) 
thrown [s\src\hotspot\share\prims\jni.cpp, line 537]
Event: 97.322 Thread 0x0000027827c2eb30 Exception <a 'sun/nio/fs/WindowsException'{0x0000000084c22948}> (0x0000000084c22948) 
thrown [s\src\hotspot\share\prims\jni.cpp, line 537]
Event: 97.338 Thread 0x0000027827c2eb30 Exception <a 'sun/nio/fs/WindowsException'{0x0000000084c32538}> (0x0000000084c32538) 
thrown [s\src\hotspot\share\prims\jni.cpp, line 537]
Event: 97.355 Thread 0x0000027827c2eb30 Exception <a 'sun/nio/fs/WindowsException'{0x0000000084c44540}> (0x0000000084c44540) 
thrown [s\src\hotspot\share\prims\jni.cpp, line 537]
Event: 97.374 Thread 0x0000027827c2eb30 Exception <a 'sun/nio/fs/WindowsException'{0x0000000084c60e70}> (0x0000000084c60e70) 
thrown [s\src\hotspot\share\prims\jni.cpp, line 537]
Event: 97.393 Thread 0x0000027827c2eb30 Exception <a 'sun/nio/fs/WindowsException'{0x0000000084c7c758}> (0x0000000084c7c758) 
thrown [s\src\hotspot\share\prims\jni.cpp, line 537]
Event: 97.410 Thread 0x0000027827c2eb30 Exception <a 'sun/nio/fs/WindowsException'{0x0000000084c95dd0}> (0x0000000084c95dd0) 
thrown [s\src\hotspot\share\prims\jni.cpp, line 537]
Event: 97.426 Thread 0x0000027827c2eb30 Exception <a 'java/io/IOException'{0x0000000084c99778}> (0x0000000084c99778) 
thrown [s\src\hotspot\share\prims\jni.cpp, line 537]
Event: 97.433 Thread 0x0000027827c2eb30 Exception <a 'java/lang/NoSuchMethodError'{0x0000000084cbb4d8}: 'void java.lang.invoke.DirectMethodHandle$Holder.invokeInterface(java.lang.Object, java.lang.Object, java.lang.Object, java.lang.Object)'> (0x0000000084cbb4d8) 
thrown [s\src\hotspot\share\interpreter\linkResolver.cpp, line 784]
Event: 97.445 Thread 0x0000027827c2eb30 Exception <a 'java/lang/ClassNotFoundException'{0x0000000084b756e0}: org/gradle/api/internal/project/DefaultProject_DecoratedBeanInfo> (0x0000000084b756e0) 
thrown [s\src\hotspot\share\classfile\systemDictionary.cpp, line 312]
Event: 97.445 Thread 0x0000027827c2eb30 Exception <a 'java/lang/ClassNotFoundException'{0x0000000084b81000}: org/gradle/api/internal/project/DefaultProjectBeanInfo> (0x0000000084b81000) 
thrown [s\src\hotspot\share\classfile\systemDictionary.cpp, line 312]
Event: 97.446 Thread 0x0000027827c2eb30 Exception <a 'java/lang/ClassNotFoundException'{0x0000000084b8c808}: org/gradle/api/internal/project/DefaultProjectCustomizer> (0x0000000084b8c808) 
thrown [s\src\hotspot\share\classfile\systemDictionary.cpp, line 312]
Event: 97.451 Thread 0x0000027827c2eb30 Exception <a 'java/lang/ClassNotFoundException'{0x0000000084a40270}: org/gradle/api/internal/project/DefaultProject_DecoratedCustomizer> (0x0000000084a40270) 
thrown [s\src\hotspot\share\classfile\systemDictionary.cpp, line 312]

ZGC Phase Switch (0 events):
No events

VM Operations (20 events):
Event: 91.621 Executing VM operation: HandshakeAllThreads (Deoptimize)
Event: 91.621 Executing VM operation: HandshakeAllThreads (Deoptimize) done
Event: 92.628 Executing VM operation: Cleanup
Event: 92.628 Executing VM operation: Cleanup done
Event: 92.764 Executing VM operation: G1CollectForAllocation (G1 Evacuation Pause)
Event: 92.775 Executing VM operation: G1CollectForAllocation (G1 Evacuation Pause) done
Event: 92.785 Executing VM operation: HandshakeAllThreads (Deoptimize)
Event: 92.785 Executing VM operation: HandshakeAllThreads (Deoptimize) done
Event: 93.798 Executing VM operation: Cleanup
Event: 93.798 Executing VM operation: Cleanup done
Event: 94.812 Executing VM operation: Cleanup
Event: 94.812 Executing VM operation: Cleanup done
Event: 95.825 Executing VM operation: Cleanup
Event: 95.825 Executing VM operation: Cleanup done
Event: 96.828 Executing VM operation: Cleanup
Event: 96.828 Executing VM operation: Cleanup done
Event: 97.062 Executing VM operation: HandshakeAllThreads (Deoptimize)
Event: 97.062 Executing VM operation: HandshakeAllThreads (Deoptimize) done
Event: 97.429 Executing VM operation: HandshakeAllThreads (Deoptimize)
Event: 97.430 Executing VM operation: HandshakeAllThreads (Deoptimize) done

Memory protections (0 events):
No events

Nmethod flushes (20 events):
Event: 90.071 Thread 0x0000027821c5a7d0 flushing  nmethod 0x000002780dad9590
Event: 90.071 Thread 0x0000027821c5a7d0 flushing  nmethod 0x000002780dadaf90
Event: 90.071 Thread 0x0000027821c5a7d0 flushing  nmethod 0x000002780dae7110
Event: 90.071 Thread 0x0000027821c5a7d0 flushing  nmethod 0x000002780daee290
Event: 90.071 Thread 0x0000027821c5a7d0 flushing  nmethod 0x000002780daef210
Event: 90.071 Thread 0x0000027821c5a7d0 flushing  nmethod 0x000002780db24210
Event: 90.071 Thread 0x0000027821c5a7d0 flushing  nmethod 0x000002780db30690
Event: 90.071 Thread 0x0000027821c5a7d0 flushing  nmethod 0x000002780db8f710
Event: 90.071 Thread 0x0000027821c5a7d0 flushing  nmethod 0x000002780dbce010
Event: 90.071 Thread 0x0000027821c5a7d0 flushing  nmethod 0x000002780dbd0790
Event: 90.071 Thread 0x0000027821c5a7d0 flushing  nmethod 0x000002780dc84890
Event: 90.071 Thread 0x0000027821c5a7d0 flushing  nmethod 0x000002780dc85090
Event: 90.071 Thread 0x0000027821c5a7d0 flushing  nmethod 0x000002780dd15b10
Event: 90.071 Thread 0x0000027821c5a7d0 flushing  nmethod 0x000002780dd53f90
Event: 90.071 Thread 0x0000027821c5a7d0 flushing  nmethod 0x000002780ddb5110
Event: 90.071 Thread 0x0000027821c5a7d0 flushing  nmethod 0x000002780ddb5c10
Event: 90.071 Thread 0x0000027821c5a7d0 flushing  nmethod 0x000002780ddb6090
Event: 90.071 Thread 0x0000027821c5a7d0 flushing  nmethod 0x000002780ddcb510
Event: 90.071 Thread 0x0000027821c5a7d0 flushing  nmethod 0x000002780ddcde90
Event: 90.071 Thread 0x0000027821c5a7d0 flushing  nmethod 0x000002780de10910

Events (20 events):
Event: 80.480 Thread 0x0000027827c2eb30 Thread added: 0x000002782ae24d90
Event: 80.951 Thread 0x000002782883f1f0 Thread exited: 0x000002782883f1f0
Event: 81.085 Thread 0x0000027827c2eb30 Thread added: 0x000002782ae21910
Event: 81.798 Thread 0x0000027827c2eb30 Thread added: 0x000002782ae25420
Event: 81.945 Thread 0x0000027827c2eb30 Thread added: 0x000002782ae21fa0
Event: 81.948 Thread 0x0000027827c2eb30 Thread added: 0x000002782ae25ab0
Event: 81.952 Thread 0x0000027827c2eb30 Thread added: 0x000002782ae267d0
Event: 81.956 Thread 0x0000027827c2eb30 Thread added: 0x000002782ae26140
Event: 81.959 Thread 0x0000027827c2eb30 Thread added: 0x000002782ae26e60
Event: 81.961 Thread 0x0000027827c2eb30 Thread added: 0x000002782ae274f0
Event: 81.962 Thread 0x0000027827c2eb30 Thread added: 0x000002782ae27b80
Event: 82.028 Thread 0x0000027827c2eb30 Thread added: 0x00000278287dc4f0
Event: 82.179 Thread 0x0000027827c2eb30 Thread added: 0x00000278287dd210
Event: 82.212 Thread 0x0000027827c2eb30 Thread added: 0x00000278287dcb80
Event: 83.284 Thread 0x00000278260be200 Thread added: 0x000002782861da30
Event: 83.932 Thread 0x000002782861da30 Thread exited: 0x000002782861da30
Event: 89.286 Thread 0x00000278260be200 Thread added: 0x0000027828a12720
Event: 90.308 Thread 0x0000027828a12720 Thread exited: 0x0000027828a12720
Event: 92.382 Thread 0x0000027826093160 Thread added: 0x000002782644c6e0
Event: 93.156 Thread 0x000002782644c6e0 Thread exited: 0x000002782644c6e0


Dynamic libraries:
0x00007ff66d400000 - 0x00007ff66d40a000 	E:\android\jbr\bin\java.exe
0x00007ff9c0a40000 - 0x00007ff9c0ca7000 	C:\WINDOWS\SYSTEM32\ntdll.dll
0x00007ff9bf630000 - 0x00007ff9bf6f9000 	C:\WINDOWS\System32\KERNEL32.DLL
0x00007ff9bdfa0000 - 0x00007ff9be397000 	C:\WINDOWS\System32\KERNELBASE.dll
0x00007ff9bd470000 - 0x00007ff9bd5bb000 	C:\WINDOWS\System32\ucrtbase.dll
0x00007ff95ee30000 - 0x00007ff95ee4b000 	E:\android\jbr\bin\VCRUNTIME140.dll
0x00007ff97e1a0000 - 0x00007ff97e1b8000 	E:\android\jbr\bin\jli.dll
0x00007ff9bf450000 - 0x00007ff9bf616000 	C:\WINDOWS\System32\USER32.dll
0x00007ff9bdee0000 - 0x00007ff9bdf07000 	C:\WINDOWS\System32\win32u.dll
0x00007ff9a6090000 - 0x00007ff9a6322000 	C:\WINDOWS\WinSxS\amd64_microsoft.windows.common-controls_6595b64144ccf1df_6.0.26100.8328_none_3e08182ce334b678\COMCTL32.dll
0x00007ff9c0450000 - 0x00007ff9c04f9000 	C:\WINDOWS\System32\msvcrt.dll
0x00007ff9c0420000 - 0x00007ff9c044b000 	C:\WINDOWS\System32\GDI32.dll
0x00007ff9be3a0000 - 0x00007ff9be4cc000 	C:\WINDOWS\System32\gdi32full.dll
0x00007ff9be710000 - 0x00007ff9be7b3000 	C:\WINDOWS\System32\msvcp_win.dll
0x00007ff9bf7c0000 - 0x00007ff9bf7f2000 	C:\WINDOWS\System32\IMM32.DLL
0x00007ff9afac0000 - 0x00007ff9afacc000 	E:\android\jbr\bin\vcruntime140_1.dll
0x00007ff9287c0000 - 0x00007ff92884d000 	E:\android\jbr\bin\msvcp140.dll
0x00007ff947fd0000 - 0x00007ff948c66000 	E:\android\jbr\bin\server\jvm.dll
0x00007ff9bf700000 - 0x00007ff9bf7b6000 	C:\WINDOWS\System32\ADVAPI32.dll
0x00007ff9bf8c0000 - 0x00007ff9bf967000 	C:\WINDOWS\System32\sechost.dll
0x00007ff9c0780000 - 0x00007ff9c0898000 	C:\WINDOWS\System32\RPCRT4.dll
0x00007ff9c0500000 - 0x00007ff9c0580000 	C:\WINDOWS\System32\WS2_32.dll
0x00007ff9acd50000 - 0x00007ff9acd86000 	C:\WINDOWS\SYSTEM32\WINMM.dll
0x00007ff9b4a90000 - 0x00007ff9b4a9b000 	C:\WINDOWS\SYSTEM32\VERSION.dll
0x00007ff9bd2d0000 - 0x00007ff9bd32e000 	C:\WINDOWS\SYSTEM32\POWRPROF.dll
0x00007ff9bd2b0000 - 0x00007ff9bd2c4000 	C:\WINDOWS\SYSTEM32\UMPDC.dll
0x00007ff9bc200000 - 0x00007ff9bc21b000 	C:\WINDOWS\SYSTEM32\kernel.appcore.dll
0x00007ff999d50000 - 0x00007ff999d5a000 	E:\android\jbr\bin\jimage.dll
0x00007ff9bb400000 - 0x00007ff9bb642000 	C:\WINDOWS\SYSTEM32\DBGHELP.DLL
0x00007ff9bf0c0000 - 0x00007ff9bf443000 	C:\WINDOWS\System32\combase.dll
0x00007ff9be840000 - 0x00007ff9be919000 	C:\WINDOWS\System32\OLEAUT32.dll
0x00007ff994fe0000 - 0x00007ff99501b000 	C:\WINDOWS\SYSTEM32\dbgcore.DLL
0x00007ff9bd5c0000 - 0x00007ff9bd668000 	C:\WINDOWS\System32\bcryptPrimitives.dll
0x00007ff98c960000 - 0x00007ff98c96e000 	E:\android\jbr\bin\instrument.dll
0x00007ff957740000 - 0x00007ff957760000 	E:\android\jbr\bin\java.dll
0x00007ff957720000 - 0x00007ff957738000 	E:\android\jbr\bin\zip.dll
0x00007ff9bf970000 - 0x00007ff9c00de000 	C:\WINDOWS\System32\SHELL32.dll
0x00007ff9bd670000 - 0x00007ff9bdedc000 	C:\WINDOWS\System32\windows.storage.dll
0x00007ff9c0670000 - 0x00007ff9c0766000 	C:\WINDOWS\System32\SHCORE.dll
0x00007ff9c05e0000 - 0x00007ff9c0646000 	C:\WINDOWS\System32\shlwapi.dll
0x00007ff9bd390000 - 0x00007ff9bd3b9000 	C:\WINDOWS\SYSTEM32\profapi.dll
0x00007ff98fcb0000 - 0x00007ff98fcc0000 	E:\android\jbr\bin\net.dll
0x00007ff9b48a0000 - 0x00007ff9b49c9000 	C:\WINDOWS\SYSTEM32\WINHTTP.dll
0x00007ff9bc770000 - 0x00007ff9bc7dc000 	C:\WINDOWS\system32\mswsock.dll
0x00007ff957700000 - 0x00007ff957716000 	E:\android\jbr\bin\nio.dll
0x00007ff9b66f0000 - 0x00007ff9b6700000 	E:\android\jbr\bin\verify.dll
0x00007ff9a3850000 - 0x00007ff9a3877000 	E:\.gradle\native\1def1411415f61bf3af743bc5b6707747c0891f09f0c88961ee8f79bc544acac\windows-amd64\native-platform.dll
0x00007ff930d60000 - 0x00007ff930dd7000 	E:\.gradle\native\0.2.8\x86_64-windows-gnu\gradle-fileevents.dll
0x00007ff98c780000 - 0x00007ff98c789000 	E:\android\jbr\bin\management.dll
0x00007ff98c770000 - 0x00007ff98c77b000 	E:\android\jbr\bin\management_ext.dll
0x00007ff9c0770000 - 0x00007ff9c0778000 	C:\WINDOWS\System32\PSAPI.DLL
0x00007ff9bbc10000 - 0x00007ff9bbc42000 	C:\WINDOWS\SYSTEM32\IPHLPAPI.DLL
0x00007ff9bf0b0000 - 0x00007ff9bf0ba000 	C:\WINDOWS\System32\NSI.dll
0x00007ff9ba960000 - 0x00007ff9ba969000 	E:\android\jbr\bin\extnet.dll
0x00007ff9bca50000 - 0x00007ff9bca6b000 	C:\WINDOWS\SYSTEM32\CRYPTSP.dll
0x00007ff9bc160000 - 0x00007ff9bc199000 	C:\WINDOWS\system32\rsaenh.dll
0x00007ff9bc820000 - 0x00007ff9bc853000 	C:\WINDOWS\SYSTEM32\USERENV.dll
0x00007ff9bd360000 - 0x00007ff9bd38a000 	C:\WINDOWS\SYSTEM32\bcrypt.dll
0x00007ff9bca70000 - 0x00007ff9bca7c000 	C:\WINDOWS\SYSTEM32\CRYPTBASE.dll
0x00007ff975810000 - 0x00007ff975818000 	C:\WINDOWS\system32\wshunix.dll
0x00007ff9bbca0000 - 0x00007ff9bbdd2000 	C:\WINDOWS\SYSTEM32\DNSAPI.dll
0x00007ff9b66b0000 - 0x00007ff9b66bb000 	C:\Windows\System32\rasadhlp.dll
0x00007ff9af350000 - 0x00007ff9af3d6000 	C:\WINDOWS\System32\fwpuclnt.dll

JVMTI agents:
E:\.gradle\wrapper\dists\gradle-9.0.0-bin\d6wjpkvcgsg3oed0qlfss3wgl\gradle-9.0.0\lib\agents\gradle-instrumentation-agent-9.0.0.jar path:E:\android\jbr\bin\instrument.dll, loaded, initialized, instrumentlib options:none

dbghelp: loaded successfully - version: 4.0.5 - missing functions: none
symbol engine: initialized successfully - sym options: 0x614 - pdb path: .;E:\android\jbr\bin;C:\WINDOWS\SYSTEM32;C:\WINDOWS\WinSxS\amd64_microsoft.windows.common-controls_6595b64144ccf1df_6.0.26100.8328_none_3e08182ce334b678;E:\android\jbr\bin\server;E:\.gradle\native\1def1411415f61bf3af743bc5b6707747c0891f09f0c88961ee8f79bc544acac\windows-amd64;E:\.gradle\native\0.2.8\x86_64-windows-gnu

VM Arguments:
jvm_args: --add-opens=java.base/java.lang=ALL-UNNAMED --add-opens=java.base/java.lang.invoke=ALL-UNNAMED --add-opens=java.base/java.util=ALL-UNNAMED --add-opens=java.prefs/java.util.prefs=ALL-UNNAMED --add-exports=jdk.compiler/com.sun.tools.javac.api=ALL-UNNAMED --add-exports=jdk.compiler/com.sun.tools.javac.util=ALL-UNNAMED --add-opens=java.base/java.util=ALL-UNNAMED --add-opens=java.prefs/java.util.prefs=ALL-UNNAMED --add-opens=java.base/java.nio.charset=ALL-UNNAMED --add-opens=java.base/java.net=ALL-UNNAMED --add-opens=java.base/java.util.concurrent=ALL-UNNAMED --add-opens=java.base/java.util.concurrent.atomic=ALL-UNNAMED --add-opens=java.xml/javax.xml.namespace=ALL-UNNAMED -Xmx2048m -Dfile.encoding=UTF-8 -Duser.country=IN -Duser.language=en -Duser.variant -javaagent:E:\.gradle\wrapper\dists\gradle-9.0.0-bin\d6wjpkvcgsg3oed0qlfss3wgl\gradle-9.0.0\lib\agents\gradle-instrumentation-agent-9.0.0.jar 
java_command: org.gradle.launcher.daemon.bootstrap.GradleDaemon 9.0.0
java_class_path (initial): E:\.gradle\wrapper\dists\gradle-9.0.0-bin\d6wjpkvcgsg3oed0qlfss3wgl\gradle-9.0.0\lib\gradle-daemon-main-9.0.0.jar
Launcher Type: SUN_STANDARD

[Global flags]
     intx CICompilerCount                          = 4                                         {product} {ergonomic}
     uint ConcGCThreads                            = 2                                         {product} {ergonomic}
     uint G1ConcRefinementThreads                  = 8                                         {product} {ergonomic}
   size_t G1HeapRegionSize                         = 1048576                                   {product} {ergonomic}
    uintx GCDrainStackTargetSize                   = 64                                        {product} {ergonomic}
   size_t InitialHeapSize                          = 132120576                                 {product} {ergonomic}
   size_t MarkStackSize                            = 4194304                                   {product} {ergonomic}
   size_t MaxHeapSize                              = 2147483648                                {product} {command line}
   size_t MaxNewSize                               = 1287651328                                {product} {ergonomic}
   size_t MinHeapDeltaBytes                        = 1048576                                   {product} {ergonomic}
   size_t MinHeapSize                              = 8388608                                   {product} {ergonomic}
    uintx NonNMethodCodeHeapSize                   = 5839372                                {pd product} {ergonomic}
    uintx NonProfiledCodeHeapSize                  = 122909434                              {pd product} {ergonomic}
    uintx ProfiledCodeHeapSize                     = 122909434                              {pd product} {ergonomic}
    uintx ReservedCodeCacheSize                    = 251658240                              {pd product} {ergonomic}
     bool SegmentedCodeCache                       = true                                      {product} {ergonomic}
   size_t SoftMaxHeapSize                          = 2147483648                             {manageable} {ergonomic}
     bool UseCompressedOops                        = true                           {product lp64_product} {ergonomic}
     bool UseG1GC                                  = true                                      {product} {ergonomic}
     bool UseLargePagesIndividualAllocation        = false                                  {pd product} {ergonomic}

Logging:
Log output configuration:
 #0: stdout all=warning uptime,level,tags foldmultilines=false
 #1: stderr all=off uptime,level,tags foldmultilines=false

Release file:
JAVA_VERSION="21.0.9" 
MODULES="java.base java.compiler java.datatransfer java.xml java.prefs java.desktop java.instrument java.logging java.management java.security.sasl java.naming java.rmi java.management.rmi java.net.http java.scripting java.security.jgss java.transaction.xa java.sql java.sql.rowset java.xml.crypto java.se java.smartcardio jdk.accessibility jdk.internal.jvmstat jdk.attach jdk.charsets jdk.internal.opt jdk.zipfs jdk.compiler jdk.crypto.ec jdk.crypto.cryptoki jdk.dynalink jdk.hotspot.agent jdk.httpserver jdk.internal.ed jdk.internal.le jdk.internal.vm.ci jdk.jartool jdk.javadoc jdk.jcmd jdk.jdeps jdk.jdwp.agent jdk.jdi jdk.jfr jdk.jlink jdk.jsobject jdk.localedata jdk.management jdk.management.agent jdk.management.jfr jdk.naming.dns jdk.naming.rmi jdk.net jdk.sctp jdk.security.auth jdk.security.jgss jdk.unsupported jdk.unsupported.desktop jdk.xml.dom" 
IMPLEMENTOR="JetBrains s.r.o." 
JAVA_RUNTIME_VERSION="21.0.9+-14787801-b1163.94" 
LIBC="default" 
OS_ARCH="x86_64" 
OS_NAME="Windows" 
SOURCE=".:git:0c757ddc9f2f" 

Environment Variables:
PATH=C:\Windows\system32;C:\Windows;C:\Windows\System32\Wbem;C:\Windows\System32\WindowsPowerShell\v1.0\;C:\Windows\System32\OpenSSH\;C:\Program Files (x86)\NVIDIA Corporation\PhysX\Common;C:\Program Files\NVIDIA Corporation\NVIDIA NvDLISR;C:\WINDOWS\system32;C:\WINDOWS;C:\WINDOWS\System32\Wbem;C:\WINDOWS\System32\WindowsPowerShell\v1.0\;C:\WINDOWS\System32\OpenSSH\;C:\Program Files\IBM\SPSS\Statistics\25\JRE\bin;C:\Program Files\Git\cmd;C:\Program Files\cursor\resources\app\bin;C:\Program Files\nodejs\;C:\Users\Sagar\AppData\Local\Programs\Python\Python310\Scripts\;C:\Users\Sagar\AppData\Local\Programs\Python\Python310\;C:\Users\Sagar\AppData\Local\Programs\Python\Python311\Scripts\;C:\Users\Sagar\AppData\Local\Programs\Python\Python311\;C:\Users\Sagar\AppData\Local\Programs\Python\Python313\Scripts\;C:\Users\Sagar\AppData\Local\Programs\Python\Python313\;C:\Users\Sagar\AppData\Local\Programs\Python\Launcher\;C:\Users\Sagar\AppData\Local\Microsoft\WindowsApps;D:\Microsoft VS Code\bin;C:\Users\Sagar\AppData\Local\Programs\MiKTeX\miktex\bin\x64\;C:\Users\Sagar\AppData\Local\GitHubDesktop\bin;E:\Antigravity\bin;C:\Users\Sagar\AppData\Roaming\npm
USERNAME=Sagar
OS=Windows_NT
PROCESSOR_IDENTIFIER=Intel64 Family 6 Model 165 Stepping 2, GenuineIntel
TMP=C:\Users\Sagar\AppData\Local\Temp
TEMP=C:\Users\Sagar\AppData\Local\Temp




Periodic native trim disabled

JNI global refs:
JNI global refs: 27, weak refs: 2

JNI global refs memory usage: 835, weak refs: 833

Process memory usage:
Resident Set Size: 228016K (2% of 8221700K total physical memory with 226824K free physical memory)

OOME stack traces (most recent first):
Classloader memory used:
Loader org.gradle.internal.classloader.VisitableURLClassLoader                         : 32176K
Loader bootstrap                                                                       : 27153K
Loader org.gradle.initialization.MixInLegacyTypesClassLoader                           : 10361K
Loader jdk.internal.loader.ClassLoaders$PlatformClassLoader                            : 438K
Loader jdk.internal.loader.ClassLoaders$AppClassLoader                                 : 231K
Loader org.gradle.groovy.scripts.internal.DefaultScriptCompilationHandler$ScriptClassLoader: 158K
Loader jdk.internal.reflect.DelegatingClassLoader                                      : 69160B
Loader org.gradle.internal.classloader.VisitableURLClassLoader$InstrumentingVisitableURLClassLoader: 46608B


[error occurred during error reporting (Classloader stats), id 0xe0000001, Out of Memory Error (s\src\hotspot\share\memory\arena.cpp:168)]
---------------  S Y S T E M  ---------------

OS:
 Windows 11 , 64 bit Build 26100 (10.0.26100.8328)
OS uptime: 1 days 22:57 hours

CPU: total 8 (initial active 8) (4 cores per cpu, 2 threads per core) family 6 model 165 stepping 2 microcode 0xe0, cx8, cmov, fxsr, ht, mmx, 3dnowpref, sse, sse2, sse3, ssse3, sse4.1, sse4.2, popcnt, lzcnt, tsc, tscinvbit, avx, avx2, aes, erms, clmul, bmi1, bmi2, adx, fma, vzeroupper, clflush, clflushopt, rdtscp, f16c, pku
Processor Information for the first 8 processors :
  Max Mhz: 2496, Current Mhz: 2496, Mhz Limit: 2496

Memory: 4k page, system-wide physical 8029M (254M free)
TotalPageFile size 21475M (AvailPageFile size 0M)
current process WorkingSet (physical memory assigned to process): 223M, peak: 232M
current process commit charge ("private bytes"): 309M, peak: 322M

vm_info: OpenJDK 64-Bit Server VM (21.0.9+-14787801-b1163.94) for windows-amd64 JRE (21.0.9+-14787801-b1163.94), built on 2026-01-27T21:15:44Z by "builder" with MS VC++ 16.10 / 16.11 (VS2019)

END.
